SQL> @Homework11_Tanubrata_Dey.sql

DISTRICT             NUMBER_OF_CITIES  TOTAL_POP CATEGOR                        
-------------------- ---------------- ---------- -------                        
Arizona                             9    3178903 lots                           
Michigan                            8    1870428 lots                           
Nevada                              6    1169827 lots                           
Alaska                              1     260283 few                            
Virginia                           10    1880264 lots                           
Nebraska                            2     615588 few                            
South Dakota                        1     123975 few                            
Louisiana                           5    1172322 several                        
Utah                                4     497658 several                        
Rhode Island                        1     173618 few                            
Maryland                            1     651154 few                            

DISTRICT             NUMBER_OF_CITIES  TOTAL_POP CATEGOR                        
-------------------- ---------------- ---------- -------                        
District of Columbia                1     572059 few                            
Wisconsin                           4     996788 several                        
Indiana                             5    1329770 several                        
Iowa                                3     417696 several                        
Tennessee                           5    1658222 several                        
Missouri                            4    1054602 several                        
Oregon                              3     803938 several                        
Pennsylvania                        4    2062462 several                        
New Mexico                          1     448607 few                            
Kentucky                            2     516743 few                            
Ohio                                6    2218030 lots                           

DISTRICT             NUMBER_OF_CITIES  TOTAL_POP CATEGOR                        
-------------------- ---------------- ---------- -------                        
Alabama                             4     801519 several                        
Idaho                               1     185787 few                            
Arkansas                            1     183133 few                            
Massachusetts                       8    1399381 lots                           
Illinois                            8    3737498 lots                           
Colorado                            9    1851149 lots                           
South Carolina                      2     205341 few                            
New Hampshire                       1     107006 few                            
Montana                             1      92988 few                            
North Carolina                      7    1625851 lots                           
Texas                              26    9208281 lots                           

DISTRICT             NUMBER_OF_CITIES  TOTAL_POP CATEGOR                        
-------------------- ---------------- ---------- -------                        
Georgia                             6    1148875 lots                           
Connecticut                         5     609087 several                        
Oklahoma                            3     993374 several                        
New Jersey                          4     783391 several                        
Hawaii                              1     371657 few                            
Florida                            15    3151408 lots                           
New York                            6    8958085 lots                           
California                         68   16716706 lots                           
Washington                          5    1205688 several                        
Mississippi                         1     184256 few                            
Kansas                              4     762607 several                        

DISTRICT             NUMBER_OF_CITIES  TOTAL_POP CATEGOR                        
-------------------- ---------------- ---------- -------                        
Minnesota                           2     669769 few                            

45 rows selected.


COUNTRY                                              NUM_CITIES CATEG           
---------------------------------------------------- ---------- -----           
South Africa                                                 44 mixed           
Burkina Faso                                                  3 rural           
Western Sahara                                                1 mixed           
Tanzania                                                     10 rural           
Chad                                                          2 rural           
Somalia                                                       3 rural           
Nigeria                                                      64 rural           
Djibouti                                                      1 mixed           
Liberia                                                       1 mixed           
Libyan Arab Jamahiriya                                        4 mixed           
Senegal                                                       9 mixed           

COUNTRY                                              NUM_CITIES CATEG           
---------------------------------------------------- ---------- -----           
Sudan                                                        12 rural           
Zimbabwe                                                      6 rural           
Cameroon                                                      7 rural           
Madagascar                                                    5 rural           
Mali                                                          1 rural           
Mozambique                                                   12 rural           
Mauritania                                                    2 mixed           
Kenya                                                         8 rural           
Togo                                                          1 rural           
Niger                                                         3 rural           
Rwanda                                                        1 rural           

COUNTRY                                              NUM_CITIES CATEG           
---------------------------------------------------- ---------- -----           
Angola                                                        5 rural           
Egypt                                                        37 mixed           
Ghana                                                         5 rural           
Guinea-Bissau                                                 1 rural           
Cape Verde                                                    1 rural           
Comoros                                                       1 rural           
Congo, The Democratic Republic of the                        18 rural           
Sao Tome and Principe                                         1 mixed           
Equatorial Guinea                                             1 rural           
Reunion                                                       1 rural           
Gabon                                                         1 mixed           

COUNTRY                                              NUM_CITIES CATEG           
---------------------------------------------------- ---------- -----           
Gambia                                                        2 rural           
Guinea                                                        1 rural           
Mauritius                                                     3 mixed           
Congo                                                         2 mixed           
Zambia                                                        7 mixed           
Sierra Leone                                                  1 rural           
Namibia                                                       1 rural           
Cote d?Ivoire                                                 5 rural           
Botswana                                                      2 rural           
Lesotho                                                       1 rural           
Malawi                                                        2 rural           

COUNTRY                                              NUM_CITIES CATEG           
---------------------------------------------------- ---------- -----           
Morocco                                                      22 mixed           
Mayotte                                                       1 rural           
Tunisia                                                       8 rural           
Swaziland                                                     1 rural           
Uganda                                                        1 rural           
Algeria                                                      18 rural           
Benin                                                         4 rural           
Eritrea                                                       1 rural           
Ethiopia                                                      7 rural           
Burundi                                                       1 rural           
Central African Republic                                      1 rural           

COUNTRY                                              NUM_CITIES CATEG           
---------------------------------------------------- ---------- -----           
Seychelles                                                    1 mixed           
Saint Helena                                                  1 mixed           

57 rows selected.


GOVERNMENTFORM                                NUMBER_OF_COUNTRIES               
--------------------------------------------- -------------------               
Republic                                                      122               
Constitutional Monarchy                                        29               
Federal Republic                                               15               
Dependent Territory of the UK                                  12               
Monarchy                                                        5               
Overseas Department of France                                   4               
Nonmetropolitan Territory of France                             4               
Territory of Australia                                          4               
Constitutional Monarchy, Federation                             4               
Nonmetropolitan Territory of New Zealand                        3               
US Territory                                                    3               

GOVERNMENTFORM                                NUMBER_OF_COUNTRIES               
--------------------------------------------- -------------------               
Socialistic Republic                                            3               

12 rows selected.


MOL_NAME                                                                        
--------------------------------------------------------------------------------
CATEGOR                                                                         
-------                                                                         
main                                                                            
many                                                                            
                                                                                
lp38(plasmid_J)                                                                 
many                                                                            
                                                                                
cp32-8(plasmid_L)                                                               
typical                                                                         
                                                                                

MOL_NAME                                                                        
--------------------------------------------------------------------------------
CATEGOR                                                                         
-------                                                                         
cp27                                                                            
typical                                                                         
                                                                                
cp9(plasmid_C)                                                                  
typical                                                                         
                                                                                
cp32-4(plasmid_R)                                                               
typical                                                                         
                                                                                

MOL_NAME                                                                        
--------------------------------------------------------------------------------
CATEGOR                                                                         
-------                                                                         
cp32-1(plasmid_P)                                                               
typical                                                                         
                                                                                
lp36(plasmid_K)                                                                 
many                                                                            
                                                                                
lp17(plasmid_D)                                                                 
typical                                                                         
                                                                                

MOL_NAME                                                                        
--------------------------------------------------------------------------------
CATEGOR                                                                         
-------                                                                         
lp54(plasmid_A)                                                                 
many                                                                            
                                                                                
cp32-7(plasmid_O)                                                               
typical                                                                         
                                                                                
cp32-3(plasmid_S)                                                               
typical                                                                         
                                                                                

MOL_NAME                                                                        
--------------------------------------------------------------------------------
CATEGOR                                                                         
-------                                                                         
cp32-9(plasmid_N)                                                               
typical                                                                         
                                                                                
chromosome                                                                      
many                                                                            
                                                                                
lp60                                                                            
many                                                                            
                                                                                

MOL_NAME                                                                        
--------------------------------------------------------------------------------
CATEGOR                                                                         
-------                                                                         
lp21(plasmid_U)                                                                 
typical                                                                         
                                                                                
cp26                                                                            
typical                                                                         
                                                                                
lp28-1(plasmid_F)                                                               
typical                                                                         
                                                                                

MOL_NAME                                                                        
--------------------------------------------------------------------------------
CATEGOR                                                                         
-------                                                                         
lp28-3(plasmid_H)                                                               
typical                                                                         
                                                                                
lp28-4(plasmid_I)                                                               
typical                                                                         
                                                                                
cp32-6(plasmid_M)                                                               
typical                                                                         
                                                                                

MOL_NAME                                                                        
--------------------------------------------------------------------------------
CATEGOR                                                                         
-------                                                                         
cp26(plasmid_B)                                                                 
typical                                                                         
                                                                                
lp54                                                                            
many                                                                            
                                                                                
lp25(plasmid_E)                                                                 
typical                                                                         
                                                                                

MOL_NAME                                                                        
--------------------------------------------------------------------------------
CATEGOR                                                                         
-------                                                                         
lp28-2(plasmid_G)                                                               
typical                                                                         
                                                                                
lp5(plasmid_T)                                                                  
few                                                                             
                                                                                
lp56(plasmid_Q)                                                                 
many                                                                            
                                                                                

27 rows selected.

SP2-0734: unknown command beginning "ï»¿ï»¿ï»¿ï..." - rest of line ignored.

CONTIG                                                                          
--------------------------------------------------------------------------------
     1-299    300-599    600-899     LONGER                                     
---------- ---------- ---------- ----------                                     
main                                                                            
        82        172        197        402                                     
                                                                                
lp38(plasmid_J)                                                                 
        31          3         15         10                                     
                                                                                
cp32-8(plasmid_L)                                                               
         3         22          8          9                                     
                                                                                

CONTIG                                                                          
--------------------------------------------------------------------------------
     1-299    300-599    600-899     LONGER                                     
---------- ---------- ---------- ----------                                     
cp27                                                                            
         2          9          4         12                                     
                                                                                
cp9(plasmid_C)                                                                  
         2          5          1          2                                     
                                                                                
cp32-1(plasmid_P)                                                               
         2         20         10          9                                     
                                                                                

CONTIG                                                                          
--------------------------------------------------------------------------------
     1-299    300-599    600-899     LONGER                                     
---------- ---------- ---------- ----------                                     
cp32-4(plasmid_R)                                                               
         5         21         10          8                                     
                                                                                
lp17(plasmid_D)                                                                 
        16          6          4          3                                     
                                                                                
lp36(plasmid_K)                                                                 
        30          8         10         10                                     
                                                                                

CONTIG                                                                          
--------------------------------------------------------------------------------
     1-299    300-599    600-899     LONGER                                     
---------- ---------- ---------- ----------                                     
cp32-7(plasmid_O)                                                               
         4         20         10          9                                     
                                                                                
lp54(plasmid_A)                                                                 
        21         23         19         13                                     
                                                                                
chromosome                                                                      
       158        355        372        800                                     
                                                                                

CONTIG                                                                          
--------------------------------------------------------------------------------
     1-299    300-599    600-899     LONGER                                     
---------- ---------- ---------- ----------                                     
cp32-3(plasmid_S)                                                               
         5         22         10          7                                     
                                                                                
cp32-9(plasmid_N)                                                               
         3         21          9          9                                     
                                                                                
lp60                                                                            
        12         25         23         14                                     
                                                                                

CONTIG                                                                          
--------------------------------------------------------------------------------
     1-299    300-599    600-899     LONGER                                     
---------- ---------- ---------- ----------                                     
lp21(plasmid_U)                                                                 
         3          4          2          2                                     
                                                                                
cp26                                                                            
         0          9          4         12                                     
                                                                                
lp28-1(plasmid_F)                                                               
        20         12          2          3                                     
                                                                                

CONTIG                                                                          
--------------------------------------------------------------------------------
     1-299    300-599    600-899     LONGER                                     
---------- ---------- ---------- ----------                                     
lp28-3(plasmid_H)                                                               
        27         11          7          3                                     
                                                                                
lp28-4(plasmid_I)                                                               
        27          8          8          3                                     
                                                                                
cp26(plasmid_B)                                                                 
         3          9          4         12                                     
                                                                                

CONTIG                                                                          
--------------------------------------------------------------------------------
     1-299    300-599    600-899     LONGER                                     
---------- ---------- ---------- ----------                                     
cp32-6(plasmid_M)                                                               
         3         18         12          8                                     
                                                                                
lp54                                                                            
        19         25         23          7                                     
                                                                                
lp25(plasmid_E)                                                                 
        23          8          4          3                                     
                                                                                

CONTIG                                                                          
--------------------------------------------------------------------------------
     1-299    300-599    600-899     LONGER                                     
---------- ---------- ---------- ----------                                     
lp56(plasmid_Q)                                                                 
        28         30         20         12                                     
                                                                                
lp28-2(plasmid_G)                                                               
         2         14         10          7                                     
                                                                                
lp5(plasmid_T)                                                                  
         1          3          0          2                                     
                                                                                

27 rows selected.


    BRANCH    ACCOUNT       LOAN                                                
---------- ---------- ----------                                                
         1   27882.57          0                                                
         2   21361.32          0                                                
         3   53270.25          0                                                
         4   68240.32          0                                                

SQL> spool off
