SQL> @Homework7_Tanubrata_Dey.sql

    ANSWER                                                                      
----------                                                                      
        14                                                                      


    ANSWER                                                                      
----------                                                                      
         7                                                                      


MOL_NAME                                                                        
--------------------------------------------------------------------------------
LENGTH(DNA_SEQUENCE)                                                            
--------------------                                                            
main                                                                            
              910724                                                            
                                                                                


    ANSWER                                                                      
----------                                                                      
      3606                                                                      


ANSWER                                                                          
----------                                                                      
BBC12                                                                           
BBE02                                                                           
BBT04                                                                           
BBG10                                                                           
BBT06                                                                           
BBH09                                                                           
BBF32                                                                           

7 rows selected.


ANSWER                                                                          
----------                                                                      
BBG25                                                                           
BB0338                                                                          
BG0339                                                                          
BAPKO_0347                                                                      
BAPKO_0170                                                                      
BG0167                                                                          
BB0168                                                                          

7 rows selected.


ANSWER                                                                          
--------------------------------------------------------------------------------
chromosome                                                                      


    MOL_ID                                                                      
----------                                                                      
MOL_NAME                                                                        
--------------------------------------------------------------------------------
      4004                                                                      
lp28-3(plasmid_H)                                                               
                                                                                
      4007                                                                      
lp38(plasmid_J)                                                                 
                                                                                
      3615                                                                      
main                                                                            
                                                                                

    MOL_ID                                                                      
----------                                                                      
MOL_NAME                                                                        
--------------------------------------------------------------------------------
        16                                                                      
chromosome                                                                      
                                                                                
        19                                                                      
chromosome                                                                      
                                                                                
      4080                                                                      
cp32-8(plasmid_L)                                                               
                                                                                

    MOL_ID                                                                      
----------                                                                      
MOL_NAME                                                                        
--------------------------------------------------------------------------------
      4076                                                                      
lp17(plasmid_D)                                                                 
                                                                                
      4008                                                                      
lp36(plasmid_K)                                                                 
                                                                                
      4084                                                                      
cp32-6(plasmid_M)                                                               
                                                                                

    MOL_ID                                                                      
----------                                                                      
MOL_NAME                                                                        
--------------------------------------------------------------------------------
      4013                                                                      
lp28-1(plasmid_F)                                                               
                                                                                
      4093                                                                      
cp32-1(plasmid_P)                                                               
                                                                                

11 rows selected.


    ANSWER                                                                      
----------                                                                      
       357                                                                      

SQL> spool off
