SQL> @Homework10_Tanubrata_Dey.sql

FULL_NAME                         MOVIE_ID                                      
------------------------------- ----------                                      
Ali Abouzahr                                                                    
Lei Xie                                                                         
William Feitzinger                                                              
Clarence Smith                                                                  
Grace Carey                                                                     


STUDIO_NAMES                                                                    
----------------------------------------                                        
Kathleens DreamMakers Studio                                                    
Timur Studio                                                                    
Davydov Studio                                                                  
Timur Davydov Studio                                                            
Xie Studio                                                                      
Ali                                                                             
Abouzahr                                                                        
AbouzahrAli                                                                     
rushaine                                                                        
mcbean                                                                          
RMCBEAN                                                                         

STUDIO_NAMES                                                                    
----------------------------------------                                        
ClarenceStudio                                                                  
SmithStudio                                                                     
ClarSmithStudio                                                                 
Carey Studio                                                                    
AlleeneLove Studio                                                              
LacabaStage Studio                                                              
Alleene Lacaba Studio                                                           

18 rows selected.


COUNTRY                                                                         
----------------------------------------------------                            
Bouvet Island                                                                   
French Southern territories                                                     
Antarctica                                                                      
Heard Island and McDonald Islands                                               
South Georgia and the South Sandwich Islands                                    
British Indian Ocean Territory                                                  

6 rows selected.


  STORE_ID  VENDOR_ID        NUM                                                
---------- ---------- ----------                                                
         7         17                                                           
         5         23                                                           
         7         33                                                           
         5          4                                                           
         2         17                                                           
         5         11                                                           
         1         36                                                           
         7         27                                                           
         6         26                                                           
         7          1                                                           
         2         19                                                           

  STORE_ID  VENDOR_ID        NUM                                                
---------- ---------- ----------                                                
         5         25                                                           
         7         34                                                           
         5         30                                                           
         1         13                                                           
         3         17                                                           
         5          6                                                           
         1         25                                                           
         5         28                                                           
         1          3                                                           
         4         17                                                           
         4         30                                                           

  STORE_ID  VENDOR_ID        NUM                                                
---------- ---------- ----------                                                
         6         21                                                           
         7          6                                                           
         2         13                                                           
         3          6                                                           
         4         10                                                           
         6         17                                                           
         6         18                                                           
         2         34                                                           
         4         12                                                           
         4         31                                                           
         5         14                                                           

  STORE_ID  VENDOR_ID        NUM                                                
---------- ---------- ----------                                                
         1         18                                                           
         1         24                                                           
         7         35                                                           
         4          4                                                           
         1         32                                                           
         7          9                                                           
         7          2                                                           
         7         21                                                           
         2         16                                                           
         6          4                                                           
         1          6                                                           

  STORE_ID  VENDOR_ID        NUM                                                
---------- ---------- ----------                                                
         3         27                                                           
         3         28                                                           
         1          4                                                           
         2         25                                                           
         5         34                                                           
         6         15                                                           
         3         10                                                           
         2         11                                                           
         6         11                                                           
         6         31                                                           
         2         14                                                           

  STORE_ID  VENDOR_ID        NUM                                                
---------- ---------- ----------                                                
         2         31                                                           
         7         10                                                           
         7         20                                                           
         3         36                                                           
         5          1                                                           
         5         31                                                           
         2          6                                                           
         5         33                                                           
         2         18                                                           
         4          6                                                           
         7         19                                                           

  STORE_ID  VENDOR_ID        NUM                                                
---------- ---------- ----------                                                
         2         27                                                           
         5         18                                                           
         2         35                                                           
         4         32                                                           
         6          8                                                           
         6         37                                                           
         5          8                                                           
         1          2                                                           
         6          1                                                           
         1          5                                                           
         1         17                                                           

  STORE_ID  VENDOR_ID        NUM                                                
---------- ---------- ----------                                                
         2          2                                                           
         2         26                                                           
         1         16                                                           
         2          4                                                           
         5         37                                                           
         1         31                                                           
         2         20                                                           
         3          2                                                           
         6         14                                                           
         2         36                                                           
         3         20                                                           

  STORE_ID  VENDOR_ID        NUM                                                
---------- ---------- ----------                                                
         7         28                                                           
         7         32                                                           
         6         10                                                           
         3         34                                                           
         5         32                                                           
         3          1                                                           
         3         25                                                           
         7         37                                                           
         5         26                                                           
         5         29                                                           
         7         22                                                           

  STORE_ID  VENDOR_ID        NUM                                                
---------- ---------- ----------                                                
         4         15                                                           
         4         13                                                           
         4         14                                                           
         6          2                                                           
         2         29                                                           
         7         13                                                           
         6          7                                                           
         3         24                                                           
         7          7                                                           
         2         24                                                           
         4         18                                                           

  STORE_ID  VENDOR_ID        NUM                                                
---------- ---------- ----------                                                
         4         19                                                           
         3         15                                                           
         5         27                                                           
         4         28                                                           
         5          2                                                           
         5          5                                                           
         2         12                                                           
         6         23                                                           
         7         11                                                           
         2          8                                                           
         2         37                                                           

  STORE_ID  VENDOR_ID        NUM                                                
---------- ---------- ----------                                                
         4         22                                                           
         6          3                                                           
         6         28                                                           
         3         30                                                           
         6         22                                                           
         4         35                                                           
         2         21                                                           
         7         36                                                           
         2         15                                                           
         4         34                                                           
         1         11                                                           

  STORE_ID  VENDOR_ID        NUM                                                
---------- ---------- ----------                                                
         5         15                                                           
         3          7                                                           
         7         25                                                           
         3          9                                                           
         4         21                                                           
         1         33                                                           
         2          1                                                           
         7         18                                                           
         1         20                                                           
         2          9                                                           
         3         31                                                           

  STORE_ID  VENDOR_ID        NUM                                                
---------- ---------- ----------                                                
         4         16                                                           
         1         14                                                           
         6         30                                                           
         3          8                                                           
         3         23                                                           
         1         30                                                           
         7         26                                                           
         2         23                                                           
         1         26                                                           
         5         22                                                           
         5         19                                                           

  STORE_ID  VENDOR_ID        NUM                                                
---------- ---------- ----------                                                
         6         36                                                           
         1         15                                                           
         4         37                                                           
         7          5                                                           
         3         33                                                           
         6         25                                                           
         2          3                                                           
         4          2                                                           
         4         20                                                           
         3         21                                                           
         4         25                                                           

  STORE_ID  VENDOR_ID        NUM                                                
---------- ---------- ----------                                                
         1         19                                                           
         2         28                                                           
         5         10                                                           
         6         27                                                           
         7         12                                                           
         3         16                                                           
         6         20                                                           
         6         33                                                           
         1         27                                                           
         4         27                                                           
         3         29                                                           

  STORE_ID  VENDOR_ID        NUM                                                
---------- ---------- ----------                                                
         4         26                                                           
         5         17                                                           
         7          3                                                           
         3         11                                                           
         6         16                                                           
         7         24                                                           
         1         37                                                           
         4         23                                                           
         7         23                                                           
         1         10                                                           
         3         35                                                           

  STORE_ID  VENDOR_ID        NUM                                                
---------- ---------- ----------                                                
         5         16                                                           
         7         14                                                           
         1         23                                                           
         7         16                                                           
         1         28                                                           
         6          5                                                           
         6         32                                                           
         3         19                                                           
         3         14                                                           
         4          5                                                           
         5          7                                                           

  STORE_ID  VENDOR_ID        NUM                                                
---------- ---------- ----------                                                
         6         19                                                           
         6         13                                                           
         1          9                                                           
         4          8                                                           
         3         18                                                           
         3         26                                                           
         6          9                                                           
         7         15                                                           
         4         11                                                           
         4         33                                                           
         5         24                                                           

  STORE_ID  VENDOR_ID        NUM                                                
---------- ---------- ----------                                                
         1         35                                                           
         1         34                                                           
         3         37                                                           
         5          3                                                           
         7         30                                                           
         5         36                                                           
         4          3                                                           
         5         12                                                           
         5         20                                                           
         6         34                                                           
         4         36                                                           

  STORE_ID  VENDOR_ID        NUM                                                
---------- ---------- ----------                                                
         7          4                                                           
         1         12                                                           
         3          3                                                           
         3         12                                                           
         3         22                                                           
         4         24                                                           
         6         35                                                           
         3         32                                                           
         6         29                                                           
         1          1          2                                                
         6          6          2                                                

  STORE_ID  VENDOR_ID        NUM                                                
---------- ---------- ----------                                                
         6         12          1                                                
         1         22          1                                                
         2          5          1                                                
         2          7          1                                                
         7          8          1                                                
         5         21          1                                                
         6         24          1                                                
         1          8          1                                                
         2         10          1                                                
         3         13          1                                                
         2         32          1                                                

  STORE_ID  VENDOR_ID        NUM                                                
---------- ---------- ----------                                                
         7         31          1                                                
         3          5          1                                                
         5         35          1                                                
         7         29          1                                                
         3          4          1                                                
         5         13          1                                                
         4          7          1                                                
         4          9          1                                                
         2         22          1                                                
         2         30          1                                                
         1          7          1                                                

  STORE_ID  VENDOR_ID        NUM                                                
---------- ---------- ----------                                                
         5          9          1                                                
         1         21          1                                                
         4         29          1                                                
         2         33          1                                                
         4          1          1                                                
         1         29          1                                                

259 rows selected.

SQL> spool off
